<?xml version="1.0" encoding="UTF-8"?>
<!-- Generated by org.testng.reporters.JUnitReportReporter -->
<testsuite hostname="DESKTOP-O482F98" failures="0" tests="3" name="com.TestNG.CrossbrowserTesting" time="24.837" errors="0" timestamp="2024-09-17T13:16:01 IST" skipped="0">
  <testcase classname="com.TestNG.CrossbrowserTesting" name="fireFox" time="14.834"/>
  <system-out/>
  <testcase classname="com.TestNG.CrossbrowserTesting" name="chrome" time="9.984"/>
  <system-out/>
  <testcase classname="com.TestNG.CrossbrowserTesting" name="softAssert" time="0.019"/>
  <system-out/>
</testsuite> <!-- com.TestNG.CrossbrowserTesting -->
