<?xml version="1.0" encoding="UTF-8"?>
<!-- Generated by org.testng.reporters.JUnitReportReporter -->
<testsuite hostname="DESKTOP-O482F98" failures="0" tests="1" name="com.maven_testing.OpenMrsRunner" time="10.683" errors="0" timestamp="2024-09-20T19:03:24 IST" skipped="0">
  <testcase classname="com.maven_testing.OpenMrsRunner" name="validLoginTest" time="10.683"/>
  <system-out/>
</testsuite> <!-- com.maven_testing.OpenMrsRunner -->
