<?xml version="1.0" encoding="UTF-8"?>
<!-- Generated by org.testng.reporters.JUnitReportReporter -->
<testsuite hostname="DESKTOP-O482F98" failures="0" tests="3" name="com.TestNG.SimpleAnnotations" time="0.047" errors="0" timestamp="2024-09-17T09:59:11 IST" skipped="0">
  <testcase classname="com.TestNG.SimpleAnnotations" name="men" time="0.010"/>
  <system-out/>
  <testcase classname="com.TestNG.SimpleAnnotations" name="women" time="0.013"/>
  <system-out/>
  <testcase classname="com.TestNG.SimpleAnnotations" name="child" time="0.024"/>
  <system-out/>
</testsuite> <!-- com.TestNG.SimpleAnnotations -->
